[debug] [2025-08-05T14:30:54.769Z] ----------------------------------------------------------------------
[debug] [2025-08-05T14:30:54.771Z] Command:       C:\Program Files\nodejs\node.exe C:\Users\emilk\AppData\Roaming\npm\node_modules\firebase-tools\lib\bin\firebase.js init
[debug] [2025-08-05T14:30:54.772Z] CLI Version:   14.11.2
[debug] [2025-08-05T14:30:54.772Z] Platform:      win32
[debug] [2025-08-05T14:30:54.772Z] Node Version:  v22.18.0
[debug] [2025-08-05T14:30:54.772Z] Time:          Tue Aug 05 2025 15:30:54 GMT+0100 (British Summer Time)
[debug] [2025-08-05T14:30:54.772Z] ----------------------------------------------------------------------
[debug] 
[debug] [2025-08-05T14:30:54.776Z] > command requires scopes: ["email","openid","https://www.googleapis.com/auth/cloudplatformprojects.readonly","https://www.googleapis.com/auth/firebase","https://www.googleapis.com/auth/cloud-platform"]
[debug] [2025-08-05T14:30:54.776Z] > authorizing via signed-in user (emilka464@gmail.com)
[info] 
     ######## #### ########  ######## ########     ###     ######  ########
     ##        ##  ##     ## ##       ##     ##  ##   ##  ##       ##
     ######    ##  ########  ######   ########  #########  ######  ######
     ##        ##  ##    ##  ##       ##     ## ##     ##       ## ##
     ##       #### ##     ## ######## ########  ##     ##  ######  ########

You're about to initialize a Firebase project in this directory:

  C:\Users\emilk\OneDrive\Desktop\web_dev\React\nplq_revision_app

[debug] [2025-08-05T14:32:33.509Z] ExitPromptError: User force closed the prompt with SIGINT
    at Interface.sigint (C:\Users\emilk\AppData\Roaming\npm\node_modules\firebase-tools\node_modules\@inquirer\core\dist\commonjs\lib\create-prompt.js:101:37)
    at Interface.emit (node:events:518:28)
    at Interface.emit (node:domain:489:12)
    at [_ttyWrite] [as _ttyWrite] (node:internal/readline/interface:1132:18)
    at ReadStream.onkeypress (node:internal/readline/interface:271:20)
    at ReadStream.emit (node:events:530:35)
    at ReadStream.emit (node:domain:489:12)
    at emitKeys (node:internal/readline/utils:370:14)
    at emitKeys.next (<anonymous>)
    at ReadStream.onData (node:internal/readline/emitKeypressEvents:64:36)
[error] 
[error] Error: An unexpected error has occurred.
